Log file open, 04/21/20 02:16:26
LogWindows: Failed to load 'aqProf.dll' (GetLastError=126)
LogWindows: File 'aqProf.dll' does not exist
LogWindows: Failed to load 'VtuneApi.dll' (GetLastError=126)
LogWindows: File 'VtuneApi.dll' does not exist
LogWindows: Failed to load 'VtuneApi32e.dll' (GetLastError=126)
LogWindows: File 'VtuneApi32e.dll' does not exist
LogConsoleResponse: Display: Failed to find resolution value strings in scalability ini. Falling back to default.
LogInit: Display: Running engine for game: crystain
LogPlatformFile: Not using cached read wrapper
LogTaskGraph: Started task graph with 5 named threads and 23 total threads with 3 sets of task threads.
LogStats: Stats thread started at 0.054552
LogD3D11RHI: Loaded GFSDK_Aftermath_Lib.x64.dll
LogICUInternationalization: ICU TimeZone Detection - Raw Offset: -5:00, Platform Override: ''
LogPluginManager: Mounting plugin Paper2D
LogPluginManager: Mounting plugin AISupport
LogPluginManager: Mounting plugin LightPropagationVolume
LogPluginManager: Mounting plugin ActorLayerUtilities
LogPluginManager: Mounting plugin AnimationSharing
LogPluginManager: Mounting plugin CLionSourceCodeAccess
LogPluginManager: Mounting plugin CodeLiteSourceCodeAccess
LogPluginManager: Mounting plugin GitSourceControl
LogPluginManager: Mounting plugin KDevelopSourceCodeAccess
LogPluginManager: Mounting plugin NullSourceCodeAccess
LogPluginManager: Mounting plugin PerforceSourceControl
LogPluginManager: Mounting plugin PlasticSourceControl
LogPluginManager: Mounting plugin SubversionSourceControl
LogPluginManager: Mounting plugin UObjectPlugin
LogPluginManager: Mounting plugin VisualStudioCodeSourceCodeAccess
LogPluginManager: Mounting plugin VisualStudioSourceCodeAccess
LogPluginManager: Mounting plugin XCodeSourceCodeAccess
LogPluginManager: Mounting plugin AssetManagerEditor
LogPluginManager: Mounting plugin CryptoKeys
LogPluginManager: Mounting plugin CurveEditorTools
LogPluginManager: Mounting plugin DataValidation
LogPluginManager: Mounting plugin FacialAnimation
LogPluginManager: Mounting plugin GameplayTagsEditor
LogPluginManager: Mounting plugin MacGraphicsSwitching
LogPluginManager: Mounting plugin MaterialAnalyzer
LogPluginManager: Mounting plugin MobileLauncherProfileWizard
LogPluginManager: Mounting plugin PluginBrowser
LogPluginManager: Mounting plugin SpeedTreeImporter
LogPluginManager: Mounting plugin DatasmithContent
LogPluginManager: Mounting plugin VariantManagerContent
LogPluginManager: Mounting plugin AlembicImporter
LogPluginManager: Mounting plugin AutomationUtils
LogPluginManager: Mounting plugin BackChannel
LogPluginManager: Mounting plugin CharacterAI
LogPluginManager: Mounting plugin GeometryCache
LogPluginManager: Mounting plugin PlatformCrypto
LogPluginManager: Mounting plugin ProxyLODPlugin
LogPluginManager: Mounting plugin SkeletalReduction
LogPluginManager: Mounting plugin MagicLeap
LogPluginManager: Mounting plugin MagicLeapMedia
LogPluginManager: Mounting plugin MLSDK
LogPluginManager: Mounting plugin AndroidMedia
LogPluginManager: Mounting plugin AvfMedia
LogPluginManager: Mounting plugin ImgMedia
LogPluginManager: Mounting plugin MediaCompositing
LogPluginManager: Mounting plugin MediaPlayerEditor
LogPluginManager: Mounting plugin WebMMedia
LogPluginManager: Mounting plugin WmfMedia
LogPluginManager: Mounting plugin TcpMessaging
LogPluginManager: Mounting plugin UdpMessaging
LogPluginManager: Mounting plugin ActorSequence
LogPluginManager: Mounting plugin LevelSequenceEditor
LogPluginManager: Mounting plugin MatineeToLevelSequence
LogPluginManager: Mounting plugin NetcodeUnitTest
LogPluginManager: Mounting plugin NUTUnrealEngine4
LogPluginManager: Mounting plugin OnlineSubsystemGooglePlay
LogPluginManager: Mounting plugin OnlineSubsystemIOS
LogPluginManager: Mounting plugin OnlineSubsystem
LogPluginManager: Mounting plugin OnlineSubsystemNull
LogPluginManager: Mounting plugin OnlineSubsystemUtils
LogPluginManager: Mounting plugin LauncherChunkInstaller
LogPluginManager: Mounting plugin AndroidDeviceProfileSelector
LogPluginManager: Mounting plugin AndroidMoviePlayer
LogPluginManager: Mounting plugin AndroidPermission
LogPluginManager: Mounting plugin AppleImageUtils
LogPluginManager: Mounting plugin AppleMoviePlayer
LogPluginManager: Mounting plugin ArchVisCharacter
LogPluginManager: Mounting plugin AssetTags
LogPluginManager: Mounting plugin AudioCapture
LogPluginManager: Mounting plugin CableComponent
LogPluginManager: Mounting plugin CustomMeshComponent
LogPluginManager: Mounting plugin EditableMesh
LogPluginManager: Mounting plugin ExampleDeviceProfileSelector
LogPluginManager: Mounting plugin GoogleCloudMessaging
LogPluginManager: Mounting plugin IOSDeviceProfileSelector
LogPluginManager: Mounting plugin LinuxDeviceProfileSelector
LogPluginManager: Mounting plugin LocationServicesBPLibrary
LogPluginManager: Mounting plugin MobilePatchingUtils
LogPluginManager: Mounting plugin OculusVR
LogPluginManager: Mounting plugin PhysXVehicles
LogPluginManager: Mounting plugin PostSplashScreen
LogPluginManager: Mounting plugin ProceduralMeshComponent
LogPluginManager: Mounting plugin RuntimePhysXCooking
LogPluginManager: Mounting plugin SignificanceManager
LogPluginManager: Mounting plugin SteamVR
LogPluginManager: Mounting plugin WebMMoviePlayer
LogPluginManager: Mounting plugin WindowsMoviePlayer
LogPluginManager: Mounting plugin ScreenshotTools
LogInit: Using libcurl 7.55.1-DEV
LogInit:  - built for x86_64-pc-win32
LogInit:  - supports SSL with OpenSSL/1.1.1
LogInit:  - supports HTTP deflate (compression) using libz 1.2.8
LogInit:  - other features:
LogInit:      CURL_VERSION_SSL
LogInit:      CURL_VERSION_LIBZ
LogInit:      CURL_VERSION_IPV6
LogInit:      CURL_VERSION_ASYNCHDNS
LogInit:      CURL_VERSION_LARGEFILE
LogInit:      CURL_VERSION_IDN
LogInit:  CurlRequestOptions (configurable via config and command line):
LogInit:  - bVerifyPeer = true  - Libcurl will verify peer certificate
LogInit:  - bUseHttpProxy = false  - Libcurl will NOT use HTTP proxy
LogInit:  - bDontReuseConnections = false  - Libcurl will reuse connections
LogInit:  - MaxHostConnections = 16  - Libcurl will limit the number of connections to a host
LogInit:  - LocalHostAddr = Default
LogInit:  - BufferSize = 65536
LogOnline: OSS: Creating online subsystem instance for: NULL
LogInit: WinSock: version 1.1 (2.2), MaxSocks=32767, MaxUdp=65467
LogOnline: OSS: TryLoadSubsystemAndSetDefault: Loaded subsystem for module [NULL]
LogInit: Build: ++UE4+Release-4.24-CL-11590370
LogInit: Engine Version: 4.24.3-11590370+++UE4+Release-4.24
LogInit: Compatible Engine Version: 4.24.0-10570792+++UE4+Release-4.24
LogInit: Net CL: 10570792
LogInit: OS: Windows 10 (Release 1909) (), CPU: Intel(R) Core(TM) i7-7700K CPU @ 4.20GHz, GPU: NVIDIA GeForce GTX 1080 Ti
LogInit: Compiled (64-bit): Feb 24 2020 15:39:18
LogInit: Compiled with Visual C++: 19.16.27032.01
LogInit: Build Configuration: Development
LogInit: Branch Name: ++UE4+Release-4.24
LogInit: Command Line:  -EpicPortal -epicusername=WiseBiscuit04 -epicuserid=c02c2c2c12d04020bfa34fc745413edd -epiclocale=en
LogInit: Base Directory: D:/UnrealEngine4/UE_4.24/Engine/Binaries/Win64/
LogInit: Installed Engine Build: 1
LogDevObjectVersion: Number of dev versions registered: 25
LogDevObjectVersion:   Dev-Blueprints (B0D832E4-1F89-4F0D-ACCF-7EB736FD4AA2): 10
LogDevObjectVersion:   Dev-Build (E1C64328-A22C-4D53-A36C-8E866417BD8C): 0
LogDevObjectVersion:   Dev-Core (375EC13C-06E4-48FB-B500-84F0262A717E): 3
LogDevObjectVersion:   Dev-Editor (E4B068ED-F494-42E9-A231-DA0B2E46BB41): 37
LogDevObjectVersion:   Dev-Framework (CFFC743F-43B0-4480-9391-14DF171D2073): 36
LogDevObjectVersion:   Dev-Mobile (B02B49B5-BB20-44E9-A304-32B752E40360): 2
LogDevObjectVersion:   Dev-Networking (A4E4105C-59A1-49B5-A7C5-40C4547EDFEE): 0
LogDevObjectVersion:   Dev-Online (39C831C9-5AE6-47DC-9A44-9C173E1C8E7C): 0
LogDevObjectVersion:   Dev-Physics (78F01B33-EBEA-4F98-B9B4-84EACCB95AA2): 2
LogDevObjectVersion:   Dev-Platform (6631380F-2D4D-43E0-8009-CF276956A95A): 0
LogDevObjectVersion:   Dev-Rendering (12F88B9F-8875-4AFC-A67C-D90C383ABD29): 36
LogDevObjectVersion:   Dev-Sequencer (7B5AE74C-D270-4C10-A958-57980B212A5A): 11
LogDevObjectVersion:   Dev-VR (D7296918-1DD6-4BDD-9DE2-64A83CC13884): 2
LogDevObjectVersion:   Dev-LoadTimes (C2A15278-BFE7-4AFE-6C17-90FF531DF755): 1
LogDevObjectVersion:   Private-Geometry (6EACA3D4-40EC-4CC1-B786-8BED09428FC5): 3
LogDevObjectVersion:   Dev-AnimPhys (29E575DD-E0A3-4627-9D10-D276232CDCEA): 17
LogDevObjectVersion:   Dev-Anim (AF43A65D-7FD3-4947-9873-3E8ED9C1BB05): 2
LogDevObjectVersion:   Dev-ReflectionCapture (6B266CEC-1EC7-4B8F-A30B-E4D90942FC07): 1
LogDevObjectVersion:   Dev-Automation (0DF73D61-A23F-47EA-B727-89E90C41499A): 1
LogDevObjectVersion:   FortniteMain (601D1886-AC64-4F84-AA16-D3DE0DEAC7D6): 31
LogDevObjectVersion:   Dev-Enterprise (9DFFBCD6-494F-0158-E221-12823C92A888): 8
LogDevObjectVersion:   Dev-Niagara (F2AED0AC-9AFE-416F-8664-AA7FFA26D6FC): 1
LogDevObjectVersion:   Dev-Destruction (174F1F0B-B4C6-45A5-B13F-2EE8D0FB917D): 9
LogDevObjectVersion:   Dev-Physics-Ext (35F94A83-E258-406C-A318-09F59610247C): 8
LogDevObjectVersion:   Dev-CineCamera (B2E18506-4273-CFC2-A54E-F4BB758BBA07): 1
LogInit: Presizing for max 25165824 objects, including 0 objects not considered by GC, pre-allocating 0 bytes for permanent pool.
LogInit: Object subsystem initialized
LogConfig: Setting CVar [[con.DebugEarlyDefault:1]]
LogConfig: Setting CVar [[r.setres:1280x720]]
[2020.04.21-06.16.26:236][  0]LogConfig: Setting CVar [[r.VSync:0]]
[2020.04.21-06.16.26:236][  0]LogConfig: Setting CVar [[r.RHICmdBypass:0]]
[2020.04.21-06.16.26:236][  0]LogConfig: Applying CVar settings from Section [/Script/Engine.RendererSettings] File [D:/MyProjects/GameDesignCapstone/crystain/Saved/Config/Windows/Engine.ini]
[2020.04.21-06.16.26:236][  0]LogConfig: Setting CVar [[r.GPUCrashDebugging:0]]
[2020.04.21-06.16.26:236][  0]LogConfig: Applying CVar settings from Section [/Script/Engine.RendererOverrideSettings] File [D:/MyProjects/GameDesignCapstone/crystain/Saved/Config/Windows/Engine.ini]
[2020.04.21-06.16.26:236][  0]LogConfig: Applying CVar settings from Section [/Script/Engine.StreamingSettings] File [D:/MyProjects/GameDesignCapstone/crystain/Saved/Config/Windows/Engine.ini]
[2020.04.21-06.16.26:236][  0]LogConfig: Setting CVar [[s.MinBulkDataSizeForAsyncLoading:131072]]
[2020.04.21-06.16.26:236][  0]LogConfig: Setting CVar [[s.AsyncLoadingThreadEnabled:0]]
[2020.04.21-06.16.26:236][  0]LogConfig: Setting CVar [[s.EventDrivenLoaderEnabled:1]]
[2020.04.21-06.16.26:236][  0]LogConfig: Setting CVar [[s.WarnIfTimeLimitExceeded:0]]
[2020.04.21-06.16.26:236][  0]LogConfig: Setting CVar [[s.TimeLimitExceededMultiplier:1.5]]
[2020.04.21-06.16.26:236][  0]LogConfig: Setting CVar [[s.TimeLimitExceededMinTime:0.005]]
[2020.04.21-06.16.26:236][  0]LogConfig: Setting CVar [[s.UseBackgroundLevelStreaming:1]]
[2020.04.21-06.16.26:236][  0]LogConfig: Setting CVar [[s.PriorityAsyncLoadingExtraTime:15.0]]
[2020.04.21-06.16.26:236][  0]LogConfig: Setting CVar [[s.LevelStreamingActorsUpdateTimeLimit:5.0]]
[2020.04.21-06.16.26:236][  0]LogConfig: Setting CVar [[s.PriorityLevelStreamingActorsUpdateExtraTime:5.0]]
[2020.04.21-06.16.26:236][  0]LogConfig: Setting CVar [[s.LevelStreamingComponentsRegistrationGranularity:10]]
[2020.04.21-06.16.26:236][  0]LogConfig: Setting CVar [[s.UnregisterComponentsTimeLimit:1.0]]
[2020.04.21-06.16.26:236][  0]LogConfig: Setting CVar [[s.LevelStreamingComponentsUnregistrationGranularity:5]]
[2020.04.21-06.16.26:236][  0]LogConfig: Setting CVar [[s.FlushStreamingOnExit:1]]
[2020.04.21-06.16.26:236][  0]LogConfig: Applying CVar settings from Section [/Script/Engine.GarbageCollectionSettings] File [D:/MyProjects/GameDesignCapstone/crystain/Saved/Config/Windows/Engine.ini]
[2020.04.21-06.16.26:236][  0]LogConfig: Setting CVar [[gc.MaxObjectsNotConsideredByGC:1]]
[2020.04.21-06.16.26:236][  0]LogConfig: Setting CVar [[gc.SizeOfPermanentObjectPool:0]]
[2020.04.21-06.16.26:236][  0]LogConfig: Setting CVar [[gc.FlushStreamingOnGC:0]]
[2020.04.21-06.16.26:236][  0]LogConfig: Setting CVar [[gc.NumRetriesBeforeForcingGC:10]]
[2020.04.21-06.16.26:236][  0]LogConfig: Setting CVar [[gc.AllowParallelGC:1]]
[2020.04.21-06.16.26:236][  0]LogConfig: Setting CVar [[gc.TimeBetweenPurgingPendingKillObjects:61.1]]
[2020.04.21-06.16.26:236][  0]LogConfig: Setting CVar [[gc.MaxObjectsInEditor:25165824]]
[2020.04.21-06.16.26:236][  0]LogConfig: Setting CVar [[gc.IncrementalBeginDestroyEnabled:1]]
[2020.04.21-06.16.26:236][  0]LogConfig: Setting CVar [[gc.CreateGCClusters:1]]
[2020.04.21-06.16.26:236][  0]LogConfig: Setting CVar [[gc.MinGCClusterSize:5]]
[2020.04.21-06.16.26:236][  0]LogConfig: Setting CVar [[gc.ActorClusteringEnabled:0]]
[2020.04.21-06.16.26:236][  0]LogConfig: Setting CVar [[gc.BlueprintClusteringEnabled:0]]
[2020.04.21-06.16.26:236][  0]LogConfig: Setting CVar [[gc.UseDisregardForGCOnDedicatedServers:0]]
[2020.04.21-06.16.26:236][  0]LogConfig: Applying CVar settings from Section [/Script/Engine.NetworkSettings] File [D:/MyProjects/GameDesignCapstone/crystain/Saved/Config/Windows/Engine.ini]
[2020.04.21-06.16.26:236][  0]LogConfig: Applying CVar settings from Section [/Script/UnrealEd.CookerSettings] File [D:/MyProjects/GameDesignCapstone/crystain/Saved/Config/Windows/Engine.ini]
[2020.04.21-06.16.26:242][  0]LogConfig: Applying CVar settings from Section [ViewDistanceQuality@3] File [D:/MyProjects/GameDesignCapstone/crystain/Saved/Config/Windows/Scalability.ini]
[2020.04.21-06.16.26:242][  0]LogConfig: Setting CVar [[r.SkeletalMeshLODBias:0]]
[2020.04.21-06.16.26:242][  0]LogConfig: Setting CVar [[r.ViewDistanceScale:1.0]]
[2020.04.21-06.16.26:242][  0]LogConfig: Applying CVar settings from Section [AntiAliasingQuality@3] File [D:/MyProjects/GameDesignCapstone/crystain/Saved/Config/Windows/Scalability.ini]
[2020.04.21-06.16.26:242][  0]LogConfig: Setting CVar [[r.PostProcessAAQuality:4]]
[2020.04.21-06.16.26:242][  0]LogConfig: Applying CVar settings from Section [ShadowQuality@3] File [D:/MyProjects/GameDesignCapstone/crystain/Saved/Config/Windows/Scalability.ini]
[2020.04.21-06.16.26:242][  0]LogConfig: Setting CVar [[r.LightFunctionQuality:1]]
[2020.04.21-06.16.26:242][  0]LogConfig: Setting CVar [[r.ShadowQuality:5]]
[2020.04.21-06.16.26:242][  0]LogConfig: Setting CVar [[r.Shadow.CSM.MaxCascades:10]]
[2020.04.21-06.16.26:242][  0]LogConfig: Setting CVar [[r.Shadow.MaxResolution:2048]]
[2020.04.21-06.16.26:242][  0]LogConfig: Setting CVar [[r.Shadow.MaxCSMResolution:2048]]
[2020.04.21-06.16.26:242][  0]LogConfig: Setting CVar [[r.Shadow.RadiusThreshold:0.01]]
[2020.04.21-06.16.26:242][  0]LogConfig: Setting CVar [[r.Shadow.DistanceScale:1.0]]
[2020.04.21-06.16.26:242][  0]LogConfig: Setting CVar [[r.Shadow.CSM.TransitionScale:1.0]]
[2020.04.21-06.16.26:242][  0]LogConfig: Setting CVar [[r.Shadow.PreShadowResolutionFactor:1.0]]
[2020.04.21-06.16.26:242][  0]LogConfig: Setting CVar [[r.DistanceFieldShadowing:1]]
[2020.04.21-06.16.26:242][  0]LogConfig: Setting CVar [[r.DistanceFieldAO:1]]
[2020.04.21-06.16.26:242][  0]LogConfig: Setting CVar [[r.AOQuality:2]]
[2020.04.21-06.16.26:242][  0]LogConfig: Setting CVar [[r.VolumetricFog:1]]
[2020.04.21-06.16.26:242][  0]LogConfig: Setting CVar [[r.VolumetricFog.GridPixelSize:8]]
[2020.04.21-06.16.26:242][  0]LogConfig: Setting CVar [[r.VolumetricFog.GridSizeZ:128]]
[2020.04.21-06.16.26:242][  0]LogConfig: Setting CVar [[r.VolumetricFog.HistoryMissSupersampleCount:4]]
[2020.04.21-06.16.26:242][  0]LogConfig: Setting CVar [[r.LightMaxDrawDistanceScale:1]]
[2020.04.21-06.16.26:242][  0]LogConfig: Setting CVar [[r.CapsuleShadows:1]]
[2020.04.21-06.16.26:242][  0]LogConfig: Applying CVar settings from Section [PostProcessQuality@3] File [D:/MyProjects/GameDesignCapstone/crystain/Saved/Config/Windows/Scalability.ini]
[2020.04.21-06.16.26:242][  0]LogConfig: Setting CVar [[r.MotionBlurQuality:4]]
[2020.04.21-06.16.26:242][  0]LogConfig: Setting CVar [[r.AmbientOcclusionMipLevelFactor:0.4]]
[2020.04.21-06.16.26:242][  0]LogConfig: Setting CVar [[r.AmbientOcclusionMaxQuality:100]]
[2020.04.21-06.16.26:242][  0]LogConfig: Setting CVar [[r.AmbientOcclusionLevels:-1]]
[2020.04.21-06.16.26:242][  0]LogConfig: Setting CVar [[r.AmbientOcclusionRadiusScale:1.0]]
[2020.04.21-06.16.26:242][  0]LogConfig: Setting CVar [[r.DepthOfFieldQuality:2]]
[2020.04.21-06.16.26:242][  0]LogConfig: Setting CVar [[r.RenderTargetPoolMin:400]]
[2020.04.21-06.16.26:242][  0]LogConfig: Setting CVar [[r.LensFlareQuality:2]]
[2020.04.21-06.16.26:242][  0]LogConfig: Setting CVar [[r.SceneColorFringeQuality:1]]
[2020.04.21-06.16.26:242][  0]LogConfig: Setting CVar [[r.EyeAdaptationQuality:2]]
[2020.04.21-06.16.26:242][  0]LogConfig: Setting CVar [[r.BloomQuality:5]]
[2020.04.21-06.16.26:242][  0]LogConfig: Setting CVar [[r.FastBlurThreshold:100]]
[2020.04.21-06.16.26:242][  0]LogConfig: Setting CVar [[r.Upscale.Quality:3]]
[2020.04.21-06.16.26:242][  0]LogConfig: Setting CVar [[r.Tonemapper.GrainQuantization:1]]
[2020.04.21-06.16.26:242][  0]LogConfig: Setting CVar [[r.LightShaftQuality:1]]
[2020.04.21-06.16.26:242][  0]LogConfig: Setting CVar [[r.Filter.SizeScale:1]]
[2020.04.21-06.16.26:242][  0]LogConfig: Setting CVar [[r.Tonemapper.Quality:5]]
[2020.04.21-06.16.26:242][  0]LogConfig: Setting CVar [[r.DOF.Gather.AccumulatorQuality:1        ; higher gathering accumulator quality]]
[2020.04.21-06.16.26:242][  0]LogConfig: Setting CVar [[r.DOF.Gather.PostfilterMethod:1          ; Median3x3 postfilering method]]
[2020.04.21-06.16.26:242][  0]LogConfig: Setting CVar [[r.DOF.Gather.EnableBokehSettings:0       ; no bokeh simulation when gathering]]
[2020.04.21-06.16.26:242][  0]LogConfig: Setting CVar [[r.DOF.Gather.RingCount:4                 ; medium number of samples when gathering]]
[2020.04.21-06.16.26:242][  0]LogConfig: Setting CVar [[r.DOF.Scatter.ForegroundCompositing:1    ; additive foreground scattering]]
[2020.04.21-06.16.26:242][  0]LogConfig: Setting CVar [[r.DOF.Scatter.BackgroundCompositing:2    ; additive background scattering]]
[2020.04.21-06.16.26:242][  0]LogConfig: Setting CVar [[r.DOF.Scatter.EnableBokehSettings:1      ; bokeh simulation when scattering]]
[2020.04.21-06.16.26:242][  0]LogConfig: Setting CVar [[r.DOF.Scatter.MaxSpriteRatio:0.1         ; only a maximum of 10% of scattered bokeh]]
[2020.04.21-06.16.26:242][  0]LogConfig: Setting CVar [[r.DOF.Recombine.Quality:1                ; cheap slight out of focus]]
[2020.04.21-06.16.26:242][  0]LogConfig: Setting CVar [[r.DOF.Recombine.EnableBokehSettings:0    ; no bokeh simulation on slight out of focus]]
[2020.04.21-06.16.26:242][  0]LogConfig: Setting CVar [[r.DOF.TemporalAAQuality:1                ; more stable temporal accumulation]]
[2020.04.21-06.16.26:242][  0]LogConfig: Setting CVar [[r.DOF.Kernel.MaxForegroundRadius:0.025]]
[2020.04.21-06.16.26:242][  0]LogConfig: Setting CVar [[r.DOF.Kernel.MaxBackgroundRadius:0.025]]
[2020.04.21-06.16.26:242][  0]LogConfig: Applying CVar settings from Section [TextureQuality@3] File [D:/MyProjects/GameDesignCapstone/crystain/Saved/Config/Windows/Scalability.ini]
[2020.04.21-06.16.26:242][  0]LogConfig: Setting CVar [[r.Streaming.MipBias:0]]
[2020.04.21-06.16.26:242][  0]LogConfig: Setting CVar [[r.Streaming.AmortizeCPUToGPUCopy:0]]
[2020.04.21-06.16.26:242][  0]LogConfig: Setting CVar [[r.Streaming.MaxNumTexturesToStreamPerFrame:0]]
[2020.04.21-06.16.26:242][  0]LogConfig: Setting CVar [[r.Streaming.Boost:1]]
[2020.04.21-06.16.26:242][  0]LogConfig: Setting CVar [[r.MaxAnisotropy:8]]
[2020.04.21-06.16.26:242][  0]LogConfig: Setting CVar [[r.VT.MaxAnisotropy:8]]
[2020.04.21-06.16.26:242][  0]LogConfig: Setting CVar [[r.Streaming.LimitPoolSizeToVRAM:0]]
[2020.04.21-06.16.26:242][  0]LogConfig: Setting CVar [[r.Streaming.PoolSize:1000]]
[2020.04.21-06.16.26:242][  0]LogConfig: Setting CVar [[r.Streaming.MaxEffectiveScreenSize:0]]
[2020.04.21-06.16.26:242][  0]LogConfig: Applying CVar settings from Section [EffectsQuality@3] File [D:/MyProjects/GameDesignCapstone/crystain/Saved/Config/Windows/Scalability.ini]
[2020.04.21-06.16.26:242][  0]LogConfig: Setting CVar [[r.TranslucencyLightingVolumeDim:64]]
[2020.04.21-06.16.26:242][  0]LogConfig: Setting CVar [[r.RefractionQuality:2]]
[2020.04.21-06.16.26:242][  0]LogConfig: Setting CVar [[r.SSR.Quality:3]]
[2020.04.21-06.16.26:242][  0]LogConfig: Setting CVar [[r.SSR.HalfResSceneColor:0]]
[2020.04.21-06.16.26:242][  0]LogConfig: Setting CVar [[r.SceneColorFormat:4]]
[2020.04.21-06.16.26:242][  0]LogConfig: Setting CVar [[r.DetailMode:2]]
[2020.04.21-06.16.26:242][  0]LogConfig: Setting CVar [[r.TranslucencyVolumeBlur:1]]
[2020.04.21-06.16.26:242][  0]LogConfig: Setting CVar [[r.MaterialQualityLevel:1 ; High quality]]
[2020.04.21-06.16.26:242][  0]LogConfig: Setting CVar [[r.SSS.Scale:1]]
[2020.04.21-06.16.26:242][  0]LogConfig: Setting CVar [[r.SSS.SampleSet:2]]
[2020.04.21-06.16.26:242][  0]LogConfig: Setting CVar [[r.SSS.Quality:1]]
[2020.04.21-06.16.26:242][  0]LogConfig: Setting CVar [[r.SSS.HalfRes:1]]
[2020.04.21-06.16.26:242][  0]LogConfig: Setting CVar [[r.SSGI.Quality:3]]
[2020.04.21-06.16.26:243][  0]LogConfig: Setting CVar [[r.EmitterSpawnRateScale:1.0]]
[2020.04.21-06.16.26:243][  0]LogConfig: Setting CVar [[r.ParticleLightQuality:2]]
[2020.04.21-06.16.26:243][  0]LogConfig: Setting CVar [[r.SkyAtmosphere.AerialPerspectiveLUT.FastApplyOnOpaque:1 ; Always have FastSkyLUT 1 in this case to avoid wrong sky]]
[2020.04.21-06.16.26:243][  0]LogConfig: Setting CVar [[r.SkyAtmosphere.AerialPerspectiveLUT.SampleCountPerSlice:1]]
[2020.04.21-06.16.26:243][  0]LogConfig: Setting CVar [[r.SkyAtmosphere.AerialPerspectiveLUT.DepthResolution:16.0]]
[2020.04.21-06.16.26:243][  0]LogConfig: Setting CVar [[r.SkyAtmosphere.FastSkyLUT:1]]
[2020.04.21-06.16.26:243][  0]LogConfig: Setting CVar [[r.SkyAtmosphere.FastSkyLUT.SampleCountMin:4.0]]
[2020.04.21-06.16.26:243][  0]LogConfig: Setting CVar [[r.SkyAtmosphere.FastSkyLUT.SampleCountMax:32.0]]
[2020.04.21-06.16.26:243][  0]LogConfig: Setting CVar [[r.SkyAtmosphere.SampleCountMin:4.0]]
[2020.04.21-06.16.26:243][  0]LogConfig: Setting CVar [[r.SkyAtmosphere.SampleCountMax:32.0]]
[2020.04.21-06.16.26:243][  0]LogConfig: Setting CVar [[r.SkyAtmosphere.TransmittanceLUT.UseSmallFormat:0]]
[2020.04.21-06.16.26:243][  0]LogConfig: Setting CVar [[r.SkyAtmosphere.TransmittanceLUT.SampleCount:10.0]]
[2020.04.21-06.16.26:243][  0]LogConfig: Setting CVar [[r.SkyAtmosphere.MultiScatteringLUT.SampleCount:15.0]]
[2020.04.21-06.16.26:243][  0]LogConfig: Applying CVar settings from Section [FoliageQuality@3] File [D:/MyProjects/GameDesignCapstone/crystain/Saved/Config/Windows/Scalability.ini]
[2020.04.21-06.16.26:243][  0]LogConfig: Setting CVar [[foliage.DensityScale:1.0]]
[2020.04.21-06.16.26:243][  0]LogConfig: Setting CVar [[grass.DensityScale:1.0]]
[2020.04.21-06.16.26:243][  0]LogConfig: Applying CVar settings from Section [ShadingQuality@3] File [D:/MyProjects/GameDesignCapstone/crystain/Saved/Config/Windows/Scalability.ini]
[2020.04.21-06.16.26:243][  0]LogConfig: Setting CVar [[r.HairStrands.SkyLighting.SampleCount:16]]
[2020.04.21-06.16.26:243][  0]LogConfig: Setting CVar [[r.HairStrands.SkyLighting.JitterIntegration:0]]
[2020.04.21-06.16.26:243][  0]LogConfig: Setting CVar [[r.HairStrands.SkyAO.SampleCount:16]]
[2020.04.21-06.16.26:243][  0]LogInit: Selected Device Profile: [Windows]
[2020.04.21-06.16.26:243][  0]LogInit: Applying CVar settings loaded from the selected device profile: [Windows]
[2020.04.21-06.16.26:244][  0]LogHAL: Display: Platform has ~ 16 GB [17143541760 / 17179869184 / 16], which maps to Larger [LargestMinGB=32, LargerMinGB=12, DefaultMinGB=8, SmallerMinGB=6, SmallestMinGB=0)
[2020.04.21-06.16.26:244][  0]LogInit: Going up to parent DeviceProfile []
[2020.04.21-06.16.26:245][  0]LogConfig: Applying CVar settings from Section [ViewDistanceQuality@3] File [D:/MyProjects/GameDesignCapstone/crystain/Saved/Config/Windows/Scalability.ini]
[2020.04.21-06.16.26:245][  0]LogConfig: Setting CVar [[r.SkeletalMeshLODBias:0]]
[2020.04.21-06.16.26:245][  0]LogConfig: Setting CVar [[r.ViewDistanceScale:1.0]]
[2020.04.21-06.16.26:245][  0]LogConfig: Applying CVar settings from Section [AntiAliasingQuality@3] File [D:/MyProjects/GameDesignCapstone/crystain/Saved/Config/Windows/Scalability.ini]
[2020.04.21-06.16.26:245][  0]LogConfig: Setting CVar [[r.PostProcessAAQuality:4]]
[2020.04.21-06.16.26:245][  0]LogConfig: Applying CVar settings from Section [ShadowQuality@3] File [D:/MyProjects/GameDesignCapstone/crystain/Saved/Config/Windows/Scalability.ini]
[2020.04.21-06.16.26:245][  0]LogConfig: Setting CVar [[r.LightFunctionQuality:1]]
[2020.04.21-06.16.26:245][  0]LogConfig: Setting CVar [[r.ShadowQuality:5]]
[2020.04.21-06.16.26:245][  0]LogConfig: Setting CVar [[r.Shadow.CSM.MaxCascades:10]]
[2020.04.21-06.16.26:245][  0]LogConfig: Setting CVar [[r.Shadow.MaxResolution:2048]]
[2020.04.21-06.16.26:245][  0]LogConfig: Setting CVar [[r.Shadow.MaxCSMResolution:2048]]
[2020.04.21-06.16.26:245][  0]LogConfig: Setting CVar [[r.Shadow.RadiusThreshold:0.01]]
[2020.04.21-06.16.26:245][  0]LogConfig: Setting CVar [[r.Shadow.DistanceScale:1.0]]
[2020.04.21-06.16.26:245][  0]LogConfig: Setting CVar [[r.Shadow.CSM.TransitionScale:1.0]]
[2020.04.21-06.16.26:245][  0]LogConfig: Setting CVar [[r.Shadow.PreShadowResolutionFactor:1.0]]
[2020.04.21-06.16.26:245][  0]LogConfig: Setting CVar [[r.DistanceFieldShadowing:1]]
[2020.04.21-06.16.26:245][  0]LogConfig: Setting CVar [[r.DistanceFieldAO:1]]
[2020.04.21-06.16.26:245][  0]LogConfig: Setting CVar [[r.AOQuality:2]]
[2020.04.21-06.16.26:245][  0]LogConfig: Setting CVar [[r.VolumetricFog:1]]
[2020.04.21-06.16.26:245][  0]LogConfig: Setting CVar [[r.VolumetricFog.GridPixelSize:8]]
[2020.04.21-06.16.26:245][  0]LogConfig: Setting CVar [[r.VolumetricFog.GridSizeZ:128]]
[2020.04.21-06.16.26:245][  0]LogConfig: Setting CVar [[r.VolumetricFog.HistoryMissSupersampleCount:4]]
[2020.04.21-06.16.26:245][  0]LogConfig: Setting CVar [[r.LightMaxDrawDistanceScale:1]]
[2020.04.21-06.16.26:245][  0]LogConfig: Setting CVar [[r.CapsuleShadows:1]]
[2020.04.21-06.16.26:245][  0]LogConfig: Applying CVar settings from Section [PostProcessQuality@3] File [D:/MyProjects/GameDesignCapstone/crystain/Saved/Config/Windows/Scalability.ini]
[2020.04.21-06.16.26:245][  0]LogConfig: Setting CVar [[r.MotionBlurQuality:4]]
[2020.04.21-06.16.26:245][  0]LogConfig: Setting CVar [[r.AmbientOcclusionMipLevelFactor:0.4]]
[2020.04.21-06.16.26:245][  0]LogConfig: Setting CVar [[r.AmbientOcclusionMaxQuality:100]]
[2020.04.21-06.16.26:245][  0]LogConfig: Setting CVar [[r.AmbientOcclusionLevels:-1]]
[2020.04.21-06.16.26:245][  0]LogConfig: Setting CVar [[r.AmbientOcclusionRadiusScale:1.0]]
[2020.04.21-06.16.26:245][  0]LogConfig: Setting CVar [[r.DepthOfFieldQuality:2]]
[2020.04.21-06.16.26:245][  0]LogConfig: Setting CVar [[r.RenderTargetPoolMin:400]]
[2020.04.21-06.16.26:245][  0]LogConfig: Setting CVar [[r.LensFlareQuality:2]]
[2020.04.21-06.16.26:245][  0]LogConfig: Setting CVar [[r.SceneColorFringeQuality:1]]
[2020.04.21-06.16.26:245][  0]LogConfig: Setting CVar [[r.EyeAdaptationQuality:2]]
[2020.04.21-06.16.26:245][  0]LogConfig: Setting CVar [[r.BloomQuality:5]]
[2020.04.21-06.16.26:245][  0]LogConfig: Setting CVar [[r.FastBlurThreshold:100]]
[2020.04.21-06.16.26:245][  0]LogConfig: Setting CVar [[r.Upscale.Quality:3]]
[2020.04.21-06.16.26:245][  0]LogConfig: Setting CVar [[r.Tonemapper.GrainQuantization:1]]
[2020.04.21-06.16.26:245][  0]LogConfig: Setting CVar [[r.LightShaftQuality:1]]
[2020.04.21-06.16.26:245][  0]LogConfig: Setting CVar [[r.Filter.SizeScale:1]]
[2020.04.21-06.16.26:245][  0]LogConfig: Setting CVar [[r.Tonemapper.Quality:5]]
[2020.04.21-06.16.26:245][  0]LogConfig: Setting CVar [[r.DOF.Gather.AccumulatorQuality:1        ; higher gathering accumulator quality]]
[2020.04.21-06.16.26:245][  0]LogConfig: Setting CVar [[r.DOF.Gather.PostfilterMethod:1          ; Median3x3 postfilering method]]
[2020.04.21-06.16.26:245][  0]LogConfig: Setting CVar [[r.DOF.Gather.EnableBokehSettings:0       ; no bokeh simulation when gathering]]
[2020.04.21-06.16.26:245][  0]LogConfig: Setting CVar [[r.DOF.Gather.RingCount:4                 ; medium number of samples when gathering]]
[2020.04.21-06.16.26:245][  0]LogConfig: Setting CVar [[r.DOF.Scatter.ForegroundCompositing:1    ; additive foreground scattering]]
[2020.04.21-06.16.26:245][  0]LogConfig: Setting CVar [[r.DOF.Scatter.BackgroundCompositing:2    ; additive background scattering]]
[2020.04.21-06.16.26:245][  0]LogConfig: Setting CVar [[r.DOF.Scatter.EnableBokehSettings:1      ; bokeh simulation when scattering]]
[2020.04.21-06.16.26:245][  0]LogConfig: Setting CVar [[r.DOF.Scatter.MaxSpriteRatio:0.1         ; only a maximum of 10% of scattered bokeh]]
[2020.04.21-06.16.26:245][  0]LogConfig: Setting CVar [[r.DOF.Recombine.Quality:1                ; cheap slight out of focus]]
[2020.04.21-06.16.26:245][  0]LogConfig: Setting CVar [[r.DOF.Recombine.EnableBokehSettings:0    ; no bokeh simulation on slight out of focus]]
[2020.04.21-06.16.26:245][  0]LogConfig: Setting CVar [[r.DOF.TemporalAAQuality:1                ; more stable temporal accumulation]]
[2020.04.21-06.16.26:245][  0]LogConfig: Setting CVar [[r.DOF.Kernel.MaxForegroundRadius:0.025]]
[2020.04.21-06.16.26:245][  0]LogConfig: Setting CVar [[r.DOF.Kernel.MaxBackgroundRadius:0.025]]
[2020.04.21-06.16.26:245][  0]LogConfig: Applying CVar settings from Section [TextureQuality@3] File [D:/MyProjects/GameDesignCapstone/crystain/Saved/Config/Windows/Scalability.ini]
[2020.04.21-06.16.26:245][  0]LogConfig: Setting CVar [[r.Streaming.MipBias:0]]
[2020.04.21-06.16.26:245][  0]LogConfig: Setting CVar [[r.Streaming.AmortizeCPUToGPUCopy:0]]
[2020.04.21-06.16.26:245][  0]LogConfig: Setting CVar [[r.Streaming.MaxNumTexturesToStreamPerFrame:0]]
[2020.04.21-06.16.26:245][  0]LogConfig: Setting CVar [[r.Streaming.Boost:1]]
[2020.04.21-06.16.26:245][  0]LogConfig: Setting CVar [[r.MaxAnisotropy:8]]
[2020.04.21-06.16.26:245][  0]LogConfig: Setting CVar [[r.VT.MaxAnisotropy:8]]
[2020.04.21-06.16.26:245][  0]LogConfig: Setting CVar [[r.Streaming.LimitPoolSizeToVRAM:0]]
[2020.04.21-06.16.26:245][  0]LogConfig: Setting CVar [[r.Streaming.PoolSize:1000]]
[2020.04.21-06.16.26:245][  0]LogConfig: Setting CVar [[r.Streaming.MaxEffectiveScreenSize:0]]
[2020.04.21-06.16.26:245][  0]LogConfig: Applying CVar settings from Section [EffectsQuality@3] File [D:/MyProjects/GameDesignCapstone/crystain/Saved/Config/Windows/Scalability.ini]
[2020.04.21-06.16.26:245][  0]LogConfig: Setting CVar [[r.TranslucencyLightingVolumeDim:64]]
[2020.04.21-06.16.26:245][  0]LogConfig: Setting CVar [[r.RefractionQuality:2]]
[2020.04.21-06.16.26:245][  0]LogConfig: Setting CVar [[r.SSR.Quality:3]]
[2020.04.21-06.16.26:245][  0]LogConfig: Setting CVar [[r.SSR.HalfResSceneColor:0]]
[2020.04.21-06.16.26:245][  0]LogConfig: Setting CVar [[r.SceneColorFormat:4]]
[2020.04.21-06.16.26:245][  0]LogConfig: Setting CVar [[r.DetailMode:2]]
[2020.04.21-06.16.26:245][  0]LogConfig: Setting CVar [[r.TranslucencyVolumeBlur:1]]
[2020.04.21-06.16.26:245][  0]LogConfig: Setting CVar [[r.MaterialQualityLevel:1 ; High quality]]
[2020.04.21-06.16.26:245][  0]LogConfig: Setting CVar [[r.SSS.Scale:1]]
[2020.04.21-06.16.26:245][  0]LogConfig: Setting CVar [[r.SSS.SampleSet:2]]
[2020.04.21-06.16.26:245][  0]LogConfig: Setting CVar [[r.SSS.Quality:1]]
[2020.04.21-06.16.26:245][  0]LogConfig: Setting CVar [[r.SSS.HalfRes:1]]
[2020.04.21-06.16.26:245][  0]LogConfig: Setting CVar [[r.SSGI.Quality:3]]
[2020.04.21-06.16.26:245][  0]LogConfig: Setting CVar [[r.EmitterSpawnRateScale:1.0]]
[2020.04.21-06.16.26:245][  0]LogConfig: Setting CVar [[r.ParticleLightQuality:2]]
[2020.04.21-06.16.26:245][  0]LogConfig: Setting CVar [[r.SkyAtmosphere.AerialPerspectiveLUT.FastApplyOnOpaque:1 ; Always have FastSkyLUT 1 in this case to avoid wrong sky]]
[2020.04.21-06.16.26:245][  0]LogConfig: Setting CVar [[r.SkyAtmosphere.AerialPerspectiveLUT.SampleCountPerSlice:1]]
[2020.04.21-06.16.26:245][  0]LogConfig: Setting CVar [[r.SkyAtmosphere.AerialPerspectiveLUT.DepthResolution:16.0]]
[2020.04.21-06.16.26:245][  0]LogConfig: Setting CVar [[r.SkyAtmosphere.FastSkyLUT:1]]
[2020.04.21-06.16.26:245][  0]LogConfig: Setting CVar [[r.SkyAtmosphere.FastSkyLUT.SampleCountMin:4.0]]
[2020.04.21-06.16.26:245][  0]LogConfig: Setting CVar [[r.SkyAtmosphere.FastSkyLUT.SampleCountMax:32.0]]
[2020.04.21-06.16.26:245][  0]LogConfig: Setting CVar [[r.SkyAtmosphere.SampleCountMin:4.0]]
[2020.04.21-06.16.26:245][  0]LogConfig: Setting CVar [[r.SkyAtmosphere.SampleCountMax:32.0]]
[2020.04.21-06.16.26:245][  0]LogConfig: Setting CVar [[r.SkyAtmosphere.TransmittanceLUT.UseSmallFormat:0]]
[2020.04.21-06.16.26:246][  0]LogConfig: Setting CVar [[r.SkyAtmosphere.TransmittanceLUT.SampleCount:10.0]]
[2020.04.21-06.16.26:246][  0]LogConfig: Setting CVar [[r.SkyAtmosphere.MultiScatteringLUT.SampleCount:15.0]]
[2020.04.21-06.16.26:246][  0]LogConfig: Applying CVar settings from Section [FoliageQuality@3] File [D:/MyProjects/GameDesignCapstone/crystain/Saved/Config/Windows/Scalability.ini]
[2020.04.21-06.16.26:246][  0]LogConfig: Setting CVar [[foliage.DensityScale:1.0]]
[2020.04.21-06.16.26:246][  0]LogConfig: Setting CVar [[grass.DensityScale:1.0]]
[2020.04.21-06.16.26:246][  0]LogConfig: Applying CVar settings from Section [ShadingQuality@3] File [D:/MyProjects/GameDesignCapstone/crystain/Saved/Config/Windows/Scalability.ini]
[2020.04.21-06.16.26:246][  0]LogConfig: Setting CVar [[r.HairStrands.SkyLighting.SampleCount:16]]
[2020.04.21-06.16.26:246][  0]LogConfig: Setting CVar [[r.HairStrands.SkyLighting.JitterIntegration:0]]
[2020.04.21-06.16.26:246][  0]LogConfig: Setting CVar [[r.HairStrands.SkyAO.SampleCount:16]]
[2020.04.21-06.16.26:246][  0]LogConfig: Applying CVar settings from Section [Startup] File [../../../Engine/Config/ConsoleVariables.ini]
[2020.04.21-06.16.26:246][  0]LogConfig: Setting CVar [[net.UseAdaptiveNetUpdateFrequency:0]]
[2020.04.21-06.16.26:246][  0]LogConfig: Setting CVar [[p.chaos.AllowCreatePhysxBodies:1]]
[2020.04.21-06.16.26:246][  0]LogConfig: Applying CVar settings from Section [ConsoleVariables] File [D:/MyProjects/GameDesignCapstone/crystain/Saved/Config/Windows/Engine.ini]
[2020.04.21-06.16.26:246][  0]LogInit: Computer: DESKTOP-5F5HG8N
[2020.04.21-06.16.26:246][  0]LogInit: User: quint
[2020.04.21-06.16.26:246][  0]LogInit: CPU Page size=4096, Cores=4
[2020.04.21-06.16.26:246][  0]LogInit: High frequency timer resolution =10.000000 MHz
[2020.04.21-06.16.26:246][  0]LogMemory: Memory total: Physical=16.0GB (16GB approx)
[2020.04.21-06.16.26:246][  0]LogMemory: Platform Memory Stats for Windows
[2020.04.21-06.16.26:246][  0]LogMemory: Process Physical Memory: 105.26 MB used, 105.27 MB peak
[2020.04.21-06.16.26:246][  0]LogMemory: Process Virtual Memory: 100.67 MB used, 100.67 MB peak
[2020.04.21-06.16.26:246][  0]LogMemory: Physical Memory: 5890.48 MB used,  10458.88 MB free, 16349.36 MB total
[2020.04.21-06.16.26:246][  0]LogMemory: Virtual Memory: 5137.55 MB used,  134212592.00 MB free, 134217728.00 MB total
[2020.04.21-06.16.26:251][  0]LogWindows: WindowsPlatformFeatures enabled
[2020.04.21-06.16.26:262][  0]LogInit: Using OS detected language (en-US).
[2020.04.21-06.16.26:262][  0]LogInit: Using OS detected locale (en-US).
[2020.04.21-06.16.26:263][  0]LogTextLocalizationManager: No specific localization for 'en-US' exists, so the 'en' localization will be used.
[2020.04.21-06.16.26:418][  0]LogInit: Setting process to per monitor DPI aware
[2020.04.21-06.16.26:446][  0]LogSlate: New Slate User Created.  User Index 0, Is Virtual User: 0
[2020.04.21-06.16.26:446][  0]LogSlate: Slate User Registered.  User Index 0, Is Virtual User: 0
[2020.04.21-06.16.26:541][  0]LogHMD: Failed to initialize OpenVR with code 110
[2020.04.21-06.16.26:541][  0]LogD3D11RHI: D3D11 min allowed feature level: 11_0
[2020.04.21-06.16.26:541][  0]LogD3D11RHI: D3D11 max allowed feature level: 11_0
[2020.04.21-06.16.26:541][  0]LogD3D11RHI: D3D11 adapters:
[2020.04.21-06.16.26:612][  0]LogD3D11RHI:    0. 'NVIDIA GeForce GTX 1080 Ti' (Feature Level 11_0)
[2020.04.21-06.16.26:612][  0]LogD3D11RHI:       11127/0/8174 MB DedicatedVideo/DedicatedSystem/SharedSystem, Outputs:2, VendorId:0x10de
[2020.04.21-06.16.26:615][  0]LogD3D11RHI:    1. 'Microsoft Basic Render Driver' (Feature Level 11_0)
[2020.04.21-06.16.26:615][  0]LogD3D11RHI:       0/0/8174 MB DedicatedVideo/DedicatedSystem/SharedSystem, Outputs:0, VendorId:0x1414
[2020.04.21-06.16.26:615][  0]LogD3D11RHI: Chosen D3D11 Adapter: 0
[2020.04.21-06.16.26:640][  0]LogD3D11RHI: Creating new Direct3DDevice
[2020.04.21-06.16.26:640][  0]LogD3D11RHI:     GPU DeviceId: 0x1b06 (for the marketing name, search the web for "GPU Device Id")
[2020.04.21-06.16.26:640][  0]LogWindows: EnumDisplayDevices:
[2020.04.21-06.16.26:640][  0]LogWindows:    0. 'NVIDIA GeForce GTX 1080 Ti' (P:0 D:1)
[2020.04.21-06.16.26:640][  0]LogWindows:    1. 'NVIDIA GeForce GTX 1080 Ti' (P:1 D:1)
[2020.04.21-06.16.26:640][  0]LogWindows:    2. 'NVIDIA GeForce GTX 1080 Ti' (P:0 D:0)
[2020.04.21-06.16.26:641][  0]LogWindows:    3. 'NVIDIA GeForce GTX 1080 Ti' (P:0 D:0)
[2020.04.21-06.16.26:641][  0]LogWindows: DebugString: FoundDriverCount:4 
[2020.04.21-06.16.26:641][  0]LogD3D11RHI:     Adapter Name: NVIDIA GeForce GTX 1080 Ti
[2020.04.21-06.16.26:641][  0]LogD3D11RHI:   Driver Version: 445.87 (internal:26.21.14.4587, unified:445.87)
[2020.04.21-06.16.26:641][  0]LogD3D11RHI:      Driver Date: 4-3-2020
[2020.04.21-06.16.26:641][  0]LogRHI: Texture pool is 7788 MB (70% of 11127 MB)
[2020.04.21-06.16.26:683][  0]LogD3D11RHI: RHI has support for 64 bit atomics
[2020.04.21-06.16.26:683][  0]LogD3D11RHI: Async texture creation enabled
[2020.04.21-06.16.26:701][  0]LogD3D11RHI: GPU Timing Frequency: 1000.000000 (Debug: 2 1)
[2020.04.21-06.16.26:960][  0]LogTargetPlatformManager: Display: Loaded TargetPlatform 'AllDesktop'
[2020.04.21-06.16.26:991][  0]LogTargetPlatformManager: Display: Loaded TargetPlatform 'Android'
[2020.04.21-06.16.26:991][  0]LogTargetPlatformManager: Display: Loaded TargetPlatform 'Android_ASTC'
[2020.04.21-06.16.26:991][  0]LogTargetPlatformManager: Display: Loaded TargetPlatform 'Android_ATC'
[2020.04.21-06.16.26:991][  0]LogTargetPlatformManager: Display: Loaded TargetPlatform 'Android_DXT'
[2020.04.21-06.16.26:991][  0]LogTargetPlatformManager: Display: Loaded TargetPlatform 'Android_ETC1'
[2020.04.21-06.16.26:991][  0]LogTargetPlatformManager: Display: Loaded TargetPlatform 'Android_ETC1a'
[2020.04.21-06.16.26:991][  0]LogTargetPlatformManager: Display: Loaded TargetPlatform 'Android_ETC2'
[2020.04.21-06.16.26:991][  0]LogTargetPlatformManager: Display: Loaded TargetPlatform 'Android_PVRTC'
[2020.04.21-06.16.26:991][  0]LogTargetPlatformManager: Display: Loaded TargetPlatform 'AndroidClient'
[2020.04.21-06.16.26:991][  0]LogTargetPlatformManager: Display: Loaded TargetPlatform 'Android_ASTCClient'
[2020.04.21-06.16.26:991][  0]LogTargetPlatformManager: Display: Loaded TargetPlatform 'Android_ATCClient'
[2020.04.21-06.16.26:991][  0]LogTargetPlatformManager: Display: Loaded TargetPlatform 'Android_DXTClient'
[2020.04.21-06.16.26:991][  0]LogTargetPlatformManager: Display: Loaded TargetPlatform 'Android_ETC1Client'
[2020.04.21-06.16.26:991][  0]LogTargetPlatformManager: Display: Loaded TargetPlatform 'Android_ETC1aClient'
[2020.04.21-06.16.26:991][  0]LogTargetPlatformManager: Display: Loaded TargetPlatform 'Android_ETC2Client'
[2020.04.21-06.16.26:991][  0]LogTargetPlatformManager: Display: Loaded TargetPlatform 'Android_PVRTCClient'
[2020.04.21-06.16.26:991][  0]LogTargetPlatformManager: Display: Loaded TargetPlatform 'Android_Multi'
[2020.04.21-06.16.26:991][  0]LogTargetPlatformManager: Display: Loaded TargetPlatform 'Android_MultiClient'
[2020.04.21-06.16.27:005][  0]LogTargetPlatformManager: Display: Loaded TargetPlatform 'IOSClient'
[2020.04.21-06.16.27:005][  0]LogTargetPlatformManager: Display: Loaded TargetPlatform 'IOS'
[2020.04.21-06.16.27:010][  0]LogTargetPlatformManager: Display: Loaded TargetPlatform 'LinuxNoEditor'
[2020.04.21-06.16.27:015][  0]LogTargetPlatformManager: Display: Loaded TargetPlatform 'LinuxClient'
[2020.04.21-06.16.27:020][  0]LogTargetPlatformManager: Display: Loaded TargetPlatform 'LinuxServer'
[2020.04.21-06.16.27:025][  0]LogTargetPlatformManager: Display: Loaded TargetPlatform 'LinuxAArch64NoEditor'
[2020.04.21-06.16.27:031][  0]LogTargetPlatformManager: Display: Loaded TargetPlatform 'LinuxAArch64Client'
[2020.04.21-06.16.27:036][  0]LogTargetPlatformManager: Display: Loaded TargetPlatform 'LinuxAArch64Server'
[2020.04.21-06.16.27:057][  0]LogTargetPlatformManager: Display: Loaded TargetPlatform 'Lumin'
[2020.04.21-06.16.27:057][  0]LogTargetPlatformManager: Display: Loaded TargetPlatform 'LuminClient'
[2020.04.21-06.16.27:067][  0]LogTargetPlatformManager: Display: Loaded TargetPlatform 'TVOSClient'
[2020.04.21-06.16.27:067][  0]LogTargetPlatformManager: Display: Loaded TargetPlatform 'TVOS'
[2020.04.21-06.16.27:072][  0]LogTargetPlatformManager: Display: Loaded TargetPlatform 'WindowsNoEditor'
[2020.04.21-06.16.27:079][  0]LogTargetPlatformManager: Display: Loaded TargetPlatform 'Windows'
[2020.04.21-06.16.27:087][  0]LogTargetPlatformManager: Display: Loaded TargetPlatform 'WindowsClient'
[2020.04.21-06.16.27:092][  0]LogTargetPlatformManager: Display: Loaded TargetPlatform 'WindowsServer'
[2020.04.21-06.16.27:092][  0]LogTargetPlatformManager: Display: Building Assets For Windows
[2020.04.21-06.16.27:094][  0]LogAudioDebug: Display: Lib vorbis DLL was dynamically loaded.
[2020.04.21-06.16.27:107][  0]LogShaderCompilers: Guid format shader working directory is -7 characters bigger than the processId version (../../../../../MyProjects/GameDesignCapstone/crystain/Intermediate/Shaders/WorkingDirectory/3872/).
[2020.04.21-06.16.27:107][  0]LogShaderCompilers: Cleaned the shader compiler working directory 'C:/Users/quint/AppData/Local/Temp/UnrealShaderWorkingDir/491408C04814B9E7C8A38197A77A3E60/'.
[2020.04.21-06.16.27:107][  0]LogXGEController: Cannot use XGE Controller as Incredibuild is not installed on this machine.
[2020.04.21-06.16.27:107][  0]LogShaderCompilers: Cannot use XGE Shader Compiler as Incredibuild is not installed on this machine.
[2020.04.21-06.16.27:107][  0]LogShaderCompilers: Display: Using Local Shader Compiler.
[2020.04.21-06.16.27:669][  0]LogDerivedDataCache: Display: Max Cache Size: 512 MB
[2020.04.21-06.16.27:719][  0]LogDerivedDataCache: Loaded boot cache 0.05s 78MB C:/Users/quint/AppData/Local/UnrealEngine/4.24/DerivedDataCache/Boot.ddc.
[2020.04.21-06.16.27:719][  0]LogDerivedDataCache: Display: Loaded Boot cache: C:/Users/quint/AppData/Local/UnrealEngine/4.24/DerivedDataCache/Boot.ddc
[2020.04.21-06.16.27:719][  0]LogDerivedDataCache: FDerivedDataBackendGraph:  Pak pak cache file ../../../../../MyProjects/GameDesignCapstone/crystain/DerivedDataCache/DDC.ddp not found, will not use a pak cache.
[2020.04.21-06.16.27:719][  0]LogDerivedDataCache: Unable to find inner node Pak for hierarchical cache Hierarchy.
[2020.04.21-06.16.27:719][  0]LogDerivedDataCache: FDerivedDataBackendGraph:  CompressedPak pak cache file ../../../../../MyProjects/GameDesignCapstone/crystain/DerivedDataCache/Compressed.ddp not found, will not use a pak cache.
[2020.04.21-06.16.27:719][  0]LogDerivedDataCache: Unable to find inner node CompressedPak for hierarchical cache Hierarchy.
[2020.04.21-06.16.27:727][  0]LogDerivedDataCache: Display: Pak cache opened for reading ../../../Engine/DerivedDataCache/Compressed.ddp.
[2020.04.21-06.16.27:727][  0]LogDerivedDataCache: FDerivedDataBackendGraph:  EnterprisePak pak cache file ../../../Enterprise/DerivedDataCache/Compressed.ddp not found, will not use a pak cache.
[2020.04.21-06.16.27:727][  0]LogDerivedDataCache: Unable to find inner node EnterprisePak for hierarchical cache Hierarchy.
[2020.04.21-06.16.27:728][  0]LogDerivedDataCache: Using Local data cache path C:/Users/quint/AppData/Local/UnrealEngine/Common/DerivedDataCache: Writable
[2020.04.21-06.16.27:728][  0]LogDerivedDataCache: Shared data cache path not found in *engine.ini, will not use an Shared cache.
[2020.04.21-06.16.27:728][  0]LogDerivedDataCache: Unable to find inner node Shared for hierarchical cache Hierarchy.
[2020.04.21-06.16.27:748][  0]LogMaterial: Verifying Global Shaders for PCD3D_SM5
[2020.04.21-06.16.27:750][  0]LogSlate: Using FreeType 2.10.0
[2020.04.21-06.16.27:750][  0]LogSlate: SlateFontServices - WITH_FREETYPE: 1, WITH_HARFBUZZ: 1
[2020.04.21-06.16.27:787][  0]LogAssetRegistry: FAssetRegistry took 0.0021 seconds to start up
[2020.04.21-06.16.28:008][  0]LogInit: Selected Device Profile: [Windows]
[2020.04.21-06.16.28:122][  0]LogMeshReduction: Using QuadricMeshReduction for automatic static mesh reduction
[2020.04.21-06.16.28:122][  0]LogMeshReduction: Using SimplygonMeshReduction for automatic skeletal mesh reduction
[2020.04.21-06.16.28:122][  0]LogMeshReduction: Using ProxyLODMeshReduction for automatic mesh merging
[2020.04.21-06.16.28:122][  0]LogMeshReduction: No distributed automatic mesh merging module available
[2020.04.21-06.16.28:122][  0]LogMeshMerging: No distributed automatic mesh merging module available
[2020.04.21-06.16.28:134][  0]LogNetVersion: crystain 1.0.0, NetCL: 10570792, EngineNetVer: 13, GameNetVer: 0 (Checksum: 2231927441)
[2020.04.21-06.16.28:942][  0]LogPackageLocalizationCache: Processed 10 localized package path(s) for 1 prioritized culture(s) in 0.033692 seconds
[2020.04.21-06.16.28:948][  0]LogUObjectArray: 46750 objects as part of root set at end of initial load.
[2020.04.21-06.16.28:948][  0]LogUObjectAllocator: 8137160 out of 0 bytes used by permanent object pool.
[2020.04.21-06.16.28:948][  0]LogUObjectArray: CloseDisregardForGC: 0/0 objects in disregard for GC pool
[2020.04.21-06.16.29:235][  0]LogTcpMessaging: Initializing TcpMessaging bridge
[2020.04.21-06.16.29:238][  0]LogUdpMessaging: Initializing bridge on interface 0.0.0.0:0 to multicast group 230.0.0.1:6666.
[2020.04.21-06.16.29:278][  0]SourceControl: Source control is disabled
[2020.04.21-06.16.29:688][  0]LogAndroidPermission: UAndroidPermissionCallbackProxy::GetInstance
[2020.04.21-06.16.29:695][  0]LogAudioCaptureCore: Display: No Audio Capture implementations found. Audio input will be silent.
[2020.04.21-06.16.29:695][  0]LogAudioCaptureCore: Display: No Audio Capture implementations found. Audio input will be silent.
[2020.04.21-06.16.29:760][  0]LogOcInput: OculusInput pre-init called
[2020.04.21-06.16.29:765][  0]LogWindows: Failed to load 'OVRPlugin.dll' (GetLastError=126)
[2020.04.21-06.16.29:765][  0]LogWindows: File 'OVRPlugin.dll' does not exist
[2020.04.21-06.16.29:813][  0]LogEngine: Initializing Engine...
[2020.04.21-06.16.29:814][  0]LogHMD: Failed to initialize OpenVR with code 110
[2020.04.21-06.16.29:815][  0]LogStats: UGameplayTagsManager::InitializeManager -  0.000 s
[2020.04.21-06.16.30:113][  0]LogInit: Initializing FReadOnlyCVARCache
[2020.04.21-06.16.30:118][  0]LogAIModule: Creating AISystem for world Untitled
[2020.04.21-06.16.30:135][  0]LogAudioMixer: Display: Audio Mixer Platform Settings:
[2020.04.21-06.16.30:135][  0]LogAudioMixer: Display: 	Sample Rate:						  48000
[2020.04.21-06.16.30:135][  0]LogAudioMixer: Display: 	Callback Buffer Frame Size Requested: 1024
[2020.04.21-06.16.30:135][  0]LogAudioMixer: Display: 	Callback Buffer Frame Size To Use:	  1024
[2020.04.21-06.16.30:135][  0]LogAudioMixer: Display: 	Number of buffers to queue:			  2
[2020.04.21-06.16.30:135][  0]LogAudioMixer: Display: 	Max Channels (voices):				  32
[2020.04.21-06.16.30:135][  0]LogAudioMixer: Display: 	Number of Async Source Workers:		  0
[2020.04.21-06.16.30:135][  0]LogAudio: Display: AudioDevice MaxSources: 32
[2020.04.21-06.16.30:136][  0]LogAudio: Display: Using built-in audio occlusion.
[2020.04.21-06.16.30:136][  0]LogAudioMixer: Display: Initializing audio mixer.
[2020.04.21-06.16.30:154][  0]LogAudioMixer: Display: Audio Device Output Speaker Info:
[2020.04.21-06.16.30:154][  0]LogAudioMixer: Display: Name: Headphones (High Definition Audio Device)
[2020.04.21-06.16.30:154][  0]LogAudioMixer: Display: Is Default: Yes
[2020.04.21-06.16.30:154][  0]LogAudioMixer: Display: Sample Rate: 48000
[2020.04.21-06.16.30:154][  0]LogAudioMixer: Display: Channel Count Used: 2
[2020.04.21-06.16.30:154][  0]LogAudioMixer: Display: Device Channel Count: 2
[2020.04.21-06.16.30:154][  0]LogAudioMixer: Display: Channel Order:
[2020.04.21-06.16.30:154][  0]LogAudioMixer: Display: 0: FrontLeft
[2020.04.21-06.16.30:154][  0]LogAudioMixer: Display: 1: FrontRight
[2020.04.21-06.16.30:169][  0]LogAudioMixer: Display: Using Audio Device Headphones (High Definition Audio Device)
[2020.04.21-06.16.30:173][  0]LogInit: FAudioDevice initialized.
[2020.04.21-06.16.30:173][  0]LogNetVersion: Set ProjectVersion to 1.0.0.0. Version Checksum will be recalculated on next use.
[2020.04.21-06.16.30:243][  0]LogDerivedDataCache: Saved boot cache 0.07s 78MB C:/Users/quint/AppData/Local/UnrealEngine/4.24/DerivedDataCache/Boot.ddc.
[2020.04.21-06.16.30:248][  0]LogInit: Texture streaming: Enabled
[2020.04.21-06.16.30:255][  0]LogEngineSessionManager: EngineSessionManager initialized
[2020.04.21-06.16.30:255][  0]LogEditorSessionSummary: Verbose: Initializing EditorSessionSummaryWriter for editor session tracking
[2020.04.21-06.16.30:257][  0]LogEditorSessionSummary: EditorSessionSummaryWriter initialized
[2020.04.21-06.16.30:361][  0]LogInit: Transaction tracking system initialized
[2020.04.21-06.16.30:374][  0]BlueprintLog: New page: Editor Load
[2020.04.21-06.16.30:391][  0]LocalizationService: Localization service is disabled
[2020.04.21-06.16.30:624][  0]LogCook: Display: Max memory allowance for cook 16384mb min free memory 0mb
[2020.04.21-06.16.30:624][  0]LogCook: Display: Mobile HDR setting 1
[2020.04.21-06.16.30:673][  0]LogFileCache: Scanning file cache for directory 'D:/MyProjects/GameDesignCapstone/crystain/Content/' took 0.01s
[2020.04.21-06.16.31:075][  0]Cmd: MAP LOAD FILE="../../../../../MyProjects/GameDesignCapstone/crystain/Content/TopDownBP/Maps/TopDownExampleMap.umap" TEMPLATE=0 SHOWPROGRESS=1 FEATURELEVEL=3
[2020.04.21-06.16.31:075][  0]LightingResults: New page: Lighting Build
[2020.04.21-06.16.31:076][  0]LogWorld: UWorld::CleanupWorld for Untitled, bSessionEnded=true, bCleanupResources=true
[2020.04.21-06.16.31:076][  0]LogSlate: InvalidateAllWidgets triggered.  All widgets were invalidated
[2020.04.21-06.16.31:076][  0]MapCheck: New page: Map Check
[2020.04.21-06.16.31:076][  0]LightingResults: New page: Lighting Build
[2020.04.21-06.16.31:100][  0]LogUObjectHash: Compacting FUObjectHashTables data took   1.31ms
[2020.04.21-06.16.45:735][  0]LogAIModule: Creating AISystem for world TopDownExampleMap
[2020.04.21-06.16.46:605][  0]LogEditorServer: Finished looking for orphan Actors (0.000 secs)
[2020.04.21-06.16.46:665][  0]LogUObjectHash: Compacting FUObjectHashTables data took   3.01ms
[2020.04.21-06.16.46:671][  0]Cmd: MAP CHECKDEP NOCLEARLOG
[2020.04.21-06.16.46:671][  0]MapCheck: Map check complete: 0 Error(s), 0 Warning(s), took 0.087ms to complete.
[2020.04.21-06.16.46:671][  0]LogFileHelpers: Loading map 'TopDownExampleMap' took 15.596
[2020.04.21-06.16.47:406][  0]LogSlate: Updating window title bar state: overlay mode, drag disabled, window buttons hidden, title bar hidden
[2020.04.21-06.16.47:445][  0]LogSlate: Updating window title bar state: overlay mode, drag disabled, window buttons hidden, title bar hidden
[2020.04.21-06.16.47:450][  0]LogSlate: Updating window title bar state: overlay mode, drag disabled, window buttons hidden, title bar hidden
[2020.04.21-06.16.47:456][  0]LogSlate: Updating window title bar state: overlay mode, drag disabled, window buttons hidden, title bar hidden
[2020.04.21-06.16.47:681][  0]LogCollectionManager: Loaded 0 collections in 0.000565 seconds
[2020.04.21-06.16.48:210][  0]LogFileCache: Scanning file cache for directory 'D:/MyProjects/GameDesignCapstone/crystain/Saved/Collections/' took 0.00s
[2020.04.21-06.16.48:210][  0]LogFileCache: Scanning file cache for directory 'D:/MyProjects/GameDesignCapstone/crystain/Content/Developers/quint/Collections/' took 0.00s
[2020.04.21-06.16.48:210][  0]LogFileCache: Scanning file cache for directory 'D:/MyProjects/GameDesignCapstone/crystain/Content/Collections/' took 0.00s
[2020.04.21-06.16.48:210][  0]LogContentBrowser: Native class hierarchy populated in 0.0397 seconds. Added 3015 classes and 717 folders.
[2020.04.21-06.16.48:391][  0]LogContentBrowser: Native class hierarchy updated for 'WidgetCarousel' in 0.0002 seconds. Added 0 classes and 0 folders.
[2020.04.21-06.16.51:064][  0]LogContentBrowser: Native class hierarchy updated for 'AddContentDialog' in 0.0002 seconds. Added 0 classes and 0 folders.
[2020.04.21-06.16.51:153][  0]LogContentBrowser: Native class hierarchy updated for 'SceneOutliner' in 0.0002 seconds. Added 2 classes and 3 folders.
[2020.04.21-06.16.52:276][  0]LogSlate: Took 0.000110 seconds to synchronously load lazily loaded font '../../../Engine/Content/Slate/Fonts/Roboto-Regular.ttf' (155K)
[2020.04.21-06.16.52:296][  0]LogSlate: Took 0.000148 seconds to synchronously load lazily loaded font '../../../Engine/Content/Slate/Fonts/Roboto-Bold.ttf' (160K)
[2020.04.21-06.16.52:386][  0]LogSlate: Took 0.022594 seconds to synchronously load lazily loaded font '../../../Engine/Content/Editor/Slate/Fonts/FontAwesome.ttf' (139K)
[2020.04.21-06.16.53:002][  0]LogRenderer: Reallocating scene render targets to support 1168x644 Format 10 NumSamples 1 (Frame:1).
[2020.04.21-06.16.53:487][  0]LogContentBrowser: Native class hierarchy updated for 'HierarchicalLODOutliner' in 0.0002 seconds. Added 0 classes and 0 folders.
[2020.04.21-06.16.53:488][  0]LogLoad: (Engine Initialization) Total time: 27.99 seconds
[2020.04.21-06.16.53:488][  0]LogLoad: (Engine Initialization) Total Blueprint compile time: 0.00 seconds
[2020.04.21-06.16.53:611][  0]LogContentStreaming: Texture pool size now 1000 MB
[2020.04.21-06.16.53:816][  0]LogSlate: Took 0.075271 seconds to synchronously load lazily loaded font '../../../Engine/Content/Slate/Fonts/Roboto-Light.ttf' (167K)
[2020.04.21-06.16.55:171][ 13]LogAssetRegistry: Asset discovery search completed in 27.3839 seconds
[2020.04.21-06.16.55:173][ 13]LogCollectionManager: Fixed up redirectors for 0 collections in 0.000007 seconds (updated 0 objects)
[2020.04.21-06.17.03:788][875]LogTemp: Repeating last play command: Selected Viewport
[2020.04.21-06.17.03:887][875]LogBlueprintUserMessages: Early PlayInEditor Detection: Level '/Game/TopDownBP/Maps/TopDownExampleMap.TopDownExampleMap:PersistentLevel' has LevelScriptBlueprint '/Game/TopDownBP/Maps/TopDownExampleMap.TopDownExampleMap:PersistentLevel.TopDownExampleMap' with GeneratedClass '/Game/TopDownBP/Maps/TopDownExampleMap.TopDownExampleMap_C' with ClassGeneratedBy '/Game/TopDownBP/Maps/TopDownExampleMap.TopDownExampleMap:PersistentLevel.TopDownExampleMap'
[2020.04.21-06.17.04:047][875]LogPlayLevel: PlayLevel: No blueprints needed recompiling
[2020.04.21-06.17.04:199][875]PIE: New page: PIE session: TopDownExampleMap (Apr 20, 2020, 10:17:04 PM)
[2020.04.21-06.17.04:213][875]LogOnline: OSS: Creating online subsystem instance for: NULL
[2020.04.21-06.17.04:228][875]LogOnline: OSS: TryLoadSubsystemAndSetDefault: Loaded subsystem for module [NULL]
[2020.04.21-06.17.04:257][875]LogPlayLevel: Creating play world package: /Game/TopDownBP/Maps/UEDPIE_0_TopDownExampleMap
[2020.04.21-06.17.04:561][875]LogPlayLevel: PIE: StaticDuplicateObject took: (0.303606s)
[2020.04.21-06.17.04:607][875]LogAIModule: Creating AISystem for world TopDownExampleMap
[2020.04.21-06.17.04:633][875]LogPlayLevel: PIE: World Init took: (0.072281s)
[2020.04.21-06.17.04:634][875]LogPlayLevel: PIE: Created PIE world by copying editor world from /Game/TopDownBP/Maps/TopDownExampleMap.TopDownExampleMap to /Game/TopDownBP/Maps/UEDPIE_0_TopDownExampleMap.TopDownExampleMap (0.377268s)
[2020.04.21-06.17.04:655][875]LogUObjectHash: Compacting FUObjectHashTables data took   1.40ms
[2020.04.21-06.17.04:692][875]LogAudioMixer: Display: Audio Mixer Platform Settings:
[2020.04.21-06.17.04:692][875]LogAudioMixer: Display: 	Sample Rate:						  48000
[2020.04.21-06.17.04:692][875]LogAudioMixer: Display: 	Callback Buffer Frame Size Requested: 1024
[2020.04.21-06.17.04:692][875]LogAudioMixer: Display: 	Callback Buffer Frame Size To Use:	  1024
[2020.04.21-06.17.04:692][875]LogAudioMixer: Display: 	Number of buffers to queue:			  2
[2020.04.21-06.17.04:692][875]LogAudioMixer: Display: 	Max Channels (voices):				  32
[2020.04.21-06.17.04:692][875]LogAudioMixer: Display: 	Number of Async Source Workers:		  0
[2020.04.21-06.17.04:692][875]LogAudio: Display: AudioDevice MaxSources: 32
[2020.04.21-06.17.04:693][875]LogAudio: Display: Using built-in audio occlusion.
[2020.04.21-06.17.04:693][875]LogAudioMixer: Display: Initializing audio mixer.
[2020.04.21-06.17.04:707][875]LogAudioMixer: Display: Audio Device Output Speaker Info:
[2020.04.21-06.17.04:707][875]LogAudioMixer: Display: Name: Headphones (High Definition Audio Device)
[2020.04.21-06.17.04:707][875]LogAudioMixer: Display: Is Default: Yes
[2020.04.21-06.17.04:707][875]LogAudioMixer: Display: Sample Rate: 48000
[2020.04.21-06.17.04:707][875]LogAudioMixer: Display: Channel Count Used: 2
[2020.04.21-06.17.04:707][875]LogAudioMixer: Display: Device Channel Count: 2
[2020.04.21-06.17.04:707][875]LogAudioMixer: Display: Channel Order:
[2020.04.21-06.17.04:707][875]LogAudioMixer: Display: 0: FrontLeft
[2020.04.21-06.17.04:707][875]LogAudioMixer: Display: 1: FrontRight
[2020.04.21-06.17.04:717][875]LogAudioMixer: Display: Using Audio Device Headphones (High Definition Audio Device)
[2020.04.21-06.17.04:719][875]LogInit: FAudioDevice initialized.
[2020.04.21-06.17.04:899][875]LogLoad: Game class is 'TopDownGameMode_C'
[2020.04.21-06.17.05:262][875]LogWorld: Bringing World /Game/TopDownBP/Maps/UEDPIE_0_TopDownExampleMap.TopDownExampleMap up for play (max tick rate 0) at 2020.04.21-02.17.05
[2020.04.21-06.17.05:742][875]LogWorld: Bringing up level for play took: 0.637189
[2020.04.21-06.17.05:768][875]LogOnline: OSS: Creating online subsystem instance for: :Context_1
[2020.04.21-06.17.06:123][875]LogContentBrowser: Native class hierarchy updated for 'MovieSceneCapture' in 0.0003 seconds. Added 20 classes and 0 folders.
[2020.04.21-06.17.06:604][875]PIE: Play in editor start time for /Game/TopDownBP/Maps/UEDPIE_0_TopDownExampleMap 2.278
[2020.04.21-06.17.06:604][875]LogBlueprintUserMessages: Late PlayInEditor Detection: Level '/Game/TopDownBP/Maps/TopDownExampleMap.TopDownExampleMap:PersistentLevel' has LevelScriptBlueprint '/Game/TopDownBP/Maps/TopDownExampleMap.TopDownExampleMap:PersistentLevel.TopDownExampleMap' with GeneratedClass '/Game/TopDownBP/Maps/TopDownExampleMap.TopDownExampleMap_C' with ClassGeneratedBy '/Game/TopDownBP/Maps/TopDownExampleMap.TopDownExampleMap:PersistentLevel.TopDownExampleMap'
[2020.04.21-06.17.20:783][134]LogAudioMixer: Display: No commands were queued while flushing the source manager.
[2020.04.21-06.17.20:783][134]LogAudioMixer: Display: No commands were queued while flushing the source manager.
[2020.04.21-06.17.20:812][134]LogBlueprintUserMessages: Early EndPlayMap Detection: Level '/Game/TopDownBP/Maps/TopDownExampleMap.TopDownExampleMap:PersistentLevel' has LevelScriptBlueprint '/Game/TopDownBP/Maps/TopDownExampleMap.TopDownExampleMap:PersistentLevel.TopDownExampleMap' with GeneratedClass '/Game/TopDownBP/Maps/TopDownExampleMap.TopDownExampleMap_C' with ClassGeneratedBy '/Game/TopDownBP/Maps/TopDownExampleMap.TopDownExampleMap:PersistentLevel.TopDownExampleMap'
[2020.04.21-06.17.21:069][134]LogSlate: Updating window title bar state: overlay mode, drag disabled, window buttons hidden, title bar hidden
[2020.04.21-06.17.21:069][134]LogWorld: BeginTearingDown for /Game/TopDownBP/Maps/UEDPIE_0_TopDownExampleMap
[2020.04.21-06.17.21:247][134]LogAudioMixer: Display: No commands were queued while flushing the source manager.
[2020.04.21-06.17.21:456][134]LogWorld: UWorld::CleanupWorld for TopDownExampleMap, bSessionEnded=true, bCleanupResources=true
[2020.04.21-06.17.21:517][134]LogSlate: InvalidateAllWidgets triggered.  All widgets were invalidated
[2020.04.21-06.17.21:690][134]LogPlayLevel: Display: Shutting down PIE online subsystems
[2020.04.21-06.17.21:691][134]LogBlueprintUserMessages: Late EndPlayMap Detection: Level '/Game/TopDownBP/Maps/TopDownExampleMap.TopDownExampleMap:PersistentLevel' has LevelScriptBlueprint '/Game/TopDownBP/Maps/TopDownExampleMap.TopDownExampleMap:PersistentLevel.TopDownExampleMap' with GeneratedClass '/Game/TopDownBP/Maps/TopDownExampleMap.TopDownExampleMap_C' with ClassGeneratedBy '/Game/TopDownBP/Maps/TopDownExampleMap.TopDownExampleMap:PersistentLevel.TopDownExampleMap'
[2020.04.21-06.17.21:727][134]LogSlate: InvalidateAllWidgets triggered.  All widgets were invalidated
[2020.04.21-06.17.21:748][134]LogAudioMixer: Display: No commands were queued while flushing the source manager.
[2020.04.21-06.17.21:783][134]LogSlate: Updating window title bar state: overlay mode, drag disabled, window buttons hidden, title bar hidden
[2020.04.21-06.17.21:824][134]LogUObjectHash: Compacting FUObjectHashTables data took   1.31ms
[2020.04.21-06.17.21:930][135]LogPlayLevel: Display: Destroying online subsystem :Context_1
[2020.04.21-06.17.31:431][222]LogUObjectHash: Compacting FUObjectHashTables data took   0.58ms
[2020.04.21-06.17.31:752][222]LogSlate: Window 'crystain - Unreal Editor' being destroyed
[2020.04.21-06.17.31:753][222]LogWindowsTextInputMethodSystem: Display: IME system now deactivated.
[2020.04.21-06.17.32:546][223]Cmd: QUIT_EDITOR
[2020.04.21-06.17.32:546][223]LogCore: Engine exit requested (reason: UUnrealEdEngine::CloseEditor())
[2020.04.21-06.17.32:612][223]LogCore: Engine exit requested (reason: EngineExit() was called; note: exit was already requested)
[2020.04.21-06.17.32:612][223]LogAudioMixer: Display: No commands were queued while flushing the source manager.
[2020.04.21-06.17.32:827][223]LogExit: Preparing to exit.
[2020.04.21-06.17.33:431][223]LogDemo: Cleaned up 0 splitscreen connections with owner deletion
[2020.04.21-06.17.33:450][223]LogWorld: UWorld::CleanupWorld for None, bSessionEnded=true, bCleanupResources=true
[2020.04.21-06.17.33:450][223]LogExit: Editor shut down
[2020.04.21-06.17.33:450][223]LogExit: Transaction tracking system shut down
[2020.04.21-06.17.33:700][223]LogExit: Object subsystem successfully closed.
